
Entering @nikitajs/core/lib/actions/fs/base/symlink (1.2.1.3)

Entering @nikitajs/core/lib/actions/execute (1.3)

Running Command: `vagrant plugin install vagrant-vbguest`

```stdout
Installing the 'vagrant-vbguest' plugin. This can take a few minutes...
Installed the plugin 'vagrant-vbguest (0.29.0)'!

```

Entering @nikitajs/core/lib/actions/execute (1.4)

Running Command: `vagrant up`

```stdout
Bringing machine 'default' up with 'virtualbox' provider...
==> default: Resuming suspended VM...
==> default: Booting VM...
==> default: Waiting for machine to boot. This may take a few minutes...
    default: SSH address: 127.0.0.1:2222
    default: SSH username: vagrant
    default: SSH auth method: private key
==> default: Machine booted and ready!
==> default: Machine already provisioned. Run `vagrant provision` or use the `--provision`
==> default: flag to force provisioning. Provisioners marked to run always will still run.

```

Entering @nikitajs/core/lib/actions/execute (1.5)

```stdin
lxc remote add nikita 127.0.0.1:8443 --accept-certificate --password secret
lxc remote switch nikita
```

Entering @nikitajs/core/lib/actions/execute (1.6)

```stdin
lxc ls || {
  lxc remote switch local
  lxc remote remove nikita
  lxc remote add nikita --accept-certificate --password secret 127.0.0.1:8443
  lxc remote switch nikita
}
```

```stdout
+-----------------+---------+-----------------------+-----------------------------------------------+-----------+-----------+
|      NAME       |  STATE  |         IPV4          |                     IPV6                      |   TYPE    | SNAPSHOTS |
+-----------------+---------+-----------------------+-----------------------------------------------+-----------+-----------+
| nikita-core-ssh | RUNNING | 10.184.234.230 (eth0) | fd42:5493:cbba:86e7:216:3eff:fe78:939c (eth0) | CONTAINER | 0         |
+-----------------+---------+-----------------------+-----------------------------------------------+-----------+-----------+

```

Entering @nikitajs/core/lib/actions/call (1.7)

Entering @nikitajs/core/lib/actions/call (1.8)
